\BOOKMARK [0][-]{chapter.1}{Story}{}% 1
\BOOKMARK [1][-]{section.1.1}{Structure}{chapter.1}% 2
\BOOKMARK [1][-]{section.1.2}{Capture The Flow}{chapter.1}% 3
\BOOKMARK [1][-]{section.1.3}{King of the Kong}{chapter.1}% 4
\BOOKMARK [0][-]{chapter.2}{Feature Listing}{}% 5
\BOOKMARK [0][-]{chapter.3}{Requirements}{}% 6
\BOOKMARK [0][-]{chapter.4}{Gameplay}{}% 7
\BOOKMARK [1][-]{section.4.1}{Game Mechanics}{chapter.4}% 8
\BOOKMARK [1][-]{section.4.2}{Game Mode}{chapter.4}% 9
\BOOKMARK [2][-]{subsection.4.2.1}{Team Deathmatch}{section.4.2}% 10
\BOOKMARK [2][-]{subsection.4.2.2}{Capture The Flow}{section.4.2}% 11
\BOOKMARK [2][-]{subsection.4.2.3}{King of the Kong}{section.4.2}% 12
\BOOKMARK [1][-]{section.4.3}{Controls}{chapter.4}% 13
\BOOKMARK [1][-]{section.4.4}{Combos}{chapter.4}% 14
\BOOKMARK [1][-]{section.4.5}{Drops to Powerups}{chapter.4}% 15
\BOOKMARK [1][-]{section.4.6}{Weapon Customization}{chapter.4}% 16
\BOOKMARK [0][-]{chapter.5}{Visual}{}% 17
\BOOKMARK [1][-]{section.5.1}{Art Style}{chapter.5}% 18
\BOOKMARK [1][-]{section.5.2}{Character Selection}{chapter.5}% 19
\BOOKMARK [1][-]{section.5.3}{User Interface}{chapter.5}% 20
\BOOKMARK [2][-]{subsection.5.3.1}{Menus}{section.5.3}% 21
\BOOKMARK [2][-]{subsection.5.3.2}{Gameplay}{section.5.3}% 22
